[评价时间] 2025-05-29 11:51:05
搜索词: 张伟

Top3 搜索结果：
1. 相关度: 50.0

   标题: 失序可控的实时多径传输负载分发模型

   作者: 【张伟】 雷为民 李广野 关云冲 李浩

   摘要: 提出了一种用于实时多径传输的失序可控的负载分发模型.根据目的端反馈的各条路径的传输质量以及路径之间的失序信息，在源端动态更新各条路径上的负载分配份额，在满足与路径传输质量成正比的负载均衡的同时，最小化目的端的数据包失序风险.仿真结果表明，负载分发模型可有效降低目的端由数据包失序导致的丢包率.

   关键词: 多径传输 应用层中继 负载分发 数据包失序 实时传输

   URL: https://journal.bupt.edu.cn/CN/10.13190/j.jbupt.2016.03.018

   日期: 2016-06-28


2. 相关度: 50.0

   标题: 社交网络用户身份关联及其分析

   作者: 孙波 【张伟】 司成祥

   摘要: 同一用户在不同社交平台注册账号，使得用户数据分散于多个平台，且这些数据不全面、不可靠、利用率低.通过分析这些跨平台的数据，发现不同账户对应同一用户的真实身份，使跨平台用户身份关联，以构建详细的用户画像、推荐系统、跨社交网络的链接预测等.从国内外身份关联技术的研究现状出发，介绍了用户身份关联及分析框架，整理了身份数据采集标准和社交网络数据集；分析了近几年用户身份关联技术，并归纳了身份关联评价指标，阐述了基于身份关联的社交网络数据挖掘及分析框架；最后对身份关联中的研究难点及热点进行了讨论和展望.

   关键词: 跨平台 身份关联 身份识别

   URL: https://journal.bupt.edu.cn/CN/10.13190/j.jbupt.2019-020

   日期: 2020-02-28


3. 相关度: 50.0

   标题: 多径中继传输系统网络仿真设计与实现

   作者: 刘少伟 雷为民 【张伟】 付冲

   摘要: 基于应用层中继的多径传输系统(MPTS-AR)是一种基于应用层中继的多径传输系统,通过基于用户数据报协议的中继服务器构建端到端的多径传输条件,并可支持多种业务实现多径传输. 提出基于OMNeT++平台上的INET Framework实现MPTS-AR网络仿真的方法,包括用户代理、中继服务器和中继控制器等网络逻辑实体的二次开发方法、相关网络链路和网络拓扑的构建方法、消息定义与处理方法等;讨论了应用程序接口兼容和多业务支撑等重难点技术. 最后,通过H.264业务传输实例验证了所设计MPTS-AR网络仿真的正确性和有效性.

   关键词: 多径传输 应用层中继 应用程序接口 OMNeT++ INETFramework

   URL: https://journal.bupt.edu.cn/CN/10.13190/j.jbupt.2015.s1.021

   日期: 2015-06-28


用户评价：
能很好找到作者
--------------------------------------------------
[评价时间] 2025-05-29 11:53:52
搜索词: 机器学习

Top10 搜索结果：
1. 相关度: 28.175574243267

   标题: 【机器】【学习】中的特征选择方法研究及展望

   作者: 崔鸿雁 徐帅 张利锋

   摘要: 任何领域的大数据研究都离不开用【机器】【学习】方法提取特征.为了探求满足海量大数据分析需求的特征选择方法，笔者对利用【机器】【学习】进行特征选择的常用方法做了深入分析，归纳总结出特征选择的五大类方法：相关性度量方法、Lasso稀疏选择方法、集成方法、神经网络方法、主成分分析方法.通过对比不同特征选择方法的原理、实现过程以及应用场景，给出了不同算法下进行特征选择时的适用范围、优缺点和关键点，为研究者提供参考.

   关键词: 【机器学习】 特征选择 迁移学习 对抗神经网络 人工智能

   URL: https://journal.bupt.edu.cn/CN/10.13190/j.jbupt.2017-150

   日期: 2018-02-28


2. 相关度: 28.175574243267

   标题: 【机器】【学习】用于网络流量识别

   作者: 马永立 钱宗珏 寿国础 胡怡红

   摘要: 提出了将【机器】【学习】中的C4.5算法应用于传输层的网络流量特征识别技术.运用相关性特征选择和遗传算法形成了流量特征子集.提出并采用 N折交叉验证与测试集相结合的方法评估了国家运营宽带网络中的流量测试分类结果.实验证明，无需预知端口和协议标签，网络流量就能被成功地识别与分析.

   关键词: 【机器学习】 决策树 流量识别

   URL: https://journal.bupt.edu.cn/CN/10.13190/jbupt.200901.65.mayl

   日期: 2009-01-28


3. 相关度: 28.175574243267

   标题: 基于【机器】【学习】的MEC随机任务迁移算法

   作者: 孟浩 霍如 郭倩影 黄韬 刘韵洁

   摘要: 针对移动边缘计算（MEC），提出了一种基于【机器】【学习】的随机任务迁移算法，通过将任务划分为可迁移组件和不可迁移组件，结合改进的Q【学习】和深度【学习】算法生成随机任务最优迁移策略，以最小化移动设备能耗与时延的加权和.仿真结果表明，该算法的时延与能耗加权和与移动设备本地执行算法相比节约了38.1%.

   关键词: 移动边缘计算 随机任务迁移 【机器学习】 时延 移动设备能耗

   URL: https://journal.bupt.edu.cn/CN/10.13190/j.jbupt.2018-078

   日期: 2019-04-28


4. 相关度: 26.812978536055834

   标题: 一种示例式【机器】【学习】新算法

   作者: 祁之力 白中英

   摘要: 揭示了例子空间中存在的一些规律, 并归结为若干定理, 表明了只要考察少量的覆盖任一示例集的项便可计算出与该示例集相关的评价矩阵, 从而避免了对逐个示例的扫描, 而且在算法的实现上只需保存相对少量的项而不是体积庞大的示例集.

   关键词: 示例学习 知识获取 【机器学习】 评价矩阵

   URL: https://journal.bupt.edu.cn/CN/Y2000/V23/I1/26

   日期: 2000-01-10


5. 相关度: 26.11130474141537

   标题: 基于迁移【学习】的跨域异常流量检测

   作者: 彭雨荷 陈翔 陈双武 杨坚

   摘要: 基于已知数据的【机器】【学习】模型在实际异常流量检测任务中不完全可靠，为此，将不同分布的流量分别作为源域和目标域，建立跨域网络异常流量检测框架，提出了基于联合分布适配的迁移【学习】方法.通过寻找最优变换矩阵、适配源域与目标域之间的条件概率和边缘概率，实现源域与目标域间的特征迁移，从而解决由于源域与目标域分布差异大所引起的检测准确率下降等问题.实验结果表明，所提方法可以显著提升跨域流量的检测准确率.

   关键词: 异常流量检测 跨域 迁移 联合分布适配 【机器学习】

   URL: https://journal.bupt.edu.cn/CN/10.13190/j.jbupt.2020-114

   日期: 2021-04-28


6. 相关度: 21.362595707211167

   标题: 面向Android二进制代码的缺陷预测方法

   作者: 董枫 刘天铭 徐国爱 郭燕慧 李承泽

   摘要: 针对Android软件缺陷预测任务中源代码难以获取的问题，提出一种面向Android二进制可执行文件的缺陷预测模型，同时采用深度神经网络进行缺陷预测.首先，通过一种创新的Android可执行文件缺陷特征提取方法，提取其符号特征和语义特征来构建缺陷特征向量；其次，用缺陷特征向量输入深度神经网络算法来训练和构建缺陷预测模型；最后，将工具原型DefectDroid应用于大规模smali文件缺陷预测任务中，在同项目缺陷预测、跨项目缺陷预测、传统【机器】【学习】算法等方面对模型进行性能评估.

   关键词: 缺陷预测 软件安全 Adroid二进制文件 【机器学习】 深度神经网络

   URL: https://journal.bupt.edu.cn/CN/10.13190/j.jbupt.2017-243

   日期: 2018-02-28


7. 相关度: 21.362595707211167

   标题: 一种多变量制造过程中的关键变量检测算法

   作者: 余凯祥 陈振豪 张四海

   摘要: 提出了一种基于【机器】【学习】的多变量制造过程中的关键变量检测算法.该算法利用【机器】【学习】分类器对多变量制造过程进行数学建模，以随机打乱过程变量后分类器的性能变化作为评价指标，检测导致产品质量相对异常的关键变量.设计并生成了多变量制造过程的仿真数据集，在仿真数据集和基于中国某工厂的2个实际生产案例数据集上对算法的检测性能进行了性能验证，2次验证结果均表明算法检测性能良好.

   关键词: 多变量制造过程 【机器学习】 关键变量检测

   URL: https://journal.bupt.edu.cn/CN/10.13190/j.jbupt.2019-172

   日期: 2019-12-28


8. 相关度: 21.362595707211167

   标题: 一种面向边缘计算节点能量优化的QoS约束路由算法

   作者: 张德干 陈露 陈晨 张婷 崔玉亚

   摘要: 在满足节点间端到端时延、可靠性服务要求的基础上，为了解决现有多路径路由协议能耗较高的问题，提出一种面向边缘计算节点能量优化的多服务质量（QoS）约束路由算法（MQEN）.考虑端到端延迟、可靠性、能量消耗的QoS约束条件，采用边缘计算、【机器】【学习】相关技术，构建多约束最优路径传感器网络模型，引入能量感知节点唤醒策略、【学习】自动机奖惩机制.该算法结合边缘计算，预处理节点的原始数据，加快有效数据的传输、处理.采用自动机与环境交互的方式加快算法收敛.使用控制节点休眠激活状态的方法优化网络能量消耗，延长网络生命周期.实验结果证明，MQEN算法可降低网络能量消耗，并且能满足多QoS约束对端到端延迟、可靠性服务的要求.

   关键词: 无线传感器 边缘计算 自动学习机 【机器学习】 能量感知

   URL: https://journal.bupt.edu.cn/CN/10.13190/j.jbupt.2019-203

   日期: 2020-08-28


9. 相关度: 21.362595707211167

   标题: 嵌入式固件脆弱哈希函数自动识别与破解方法

   作者: 张国栋 应欢 杨寿国 石志强 李霁远

   摘要: 针对现有固件脆弱哈希函数识别误报率高、定位不准确、破解难度大等问题，提出一种嵌入式固件脆弱哈希函数自动识别与破解方法，基于【机器】【学习】模型和结构化匹配的脆弱哈希函数识别与定位技术以及基于VEX中间表达式（VEX IR）符号执行的Z3约束求解器（Z3 SMT）的求解方法，构建了从固件二进制文件的脆弱哈希函数的识别与定位到破解的完整自动化分析流程.实验结果表明，所提方法对多种架构和不同编译优化选项下编译的二进制文件的脆弱哈希函数的识别与定位的准确率高达98%，对类似于BKDR哈希函数（BKDRHash）结构的脆弱哈希函数能够准确定位，并快速破解出多个碰撞值.

   关键词: 嵌入式设备固件 特征提取 【机器学习】 脆弱哈希函数识别与破解 约束求解

   URL: https://journal.bupt.edu.cn/CN/10.13190/j.jbupt.2019-085

   日期: 2020-02-28


10. 相关度: 21.362595707211167

   标题: 面向Android支付破解应用的检测方法

   作者: 汤永利 李星宇 赵宗渠 李运峰

   摘要: Android破解应用存在侵犯合法软件权益和传播恶意代码的风险.为有效检测Android平台上的支付破解应用，提出一种基于【机器】【学习】的检测方法.针对反汇编的字节码文件构建了支付语义信息调用控制流和支付数据库操作函数集，通过n-gram和重复代码子块长度统计方法构造相应特征集，最后构建带决策机制的多分类器检测模型以识别Android应用中不同的支付破解行为.实验结果表明，所提检测方法的模型检测精确率为85.24%，AUC值为0.87，与同类方法相比，对支付破解类应用的检测率有显著提高，有效解决了支付破解应用的检测问题.

   关键词: Adroid 支付破解 软件安全 特征提取 【机器学习】

   URL: https://journal.bupt.edu.cn/CN/10.13190/j.jbupt.2020-259

   日期: 2021-08-28


用户评价：
能很好根据关键词找到论文
--------------------------------------------------
[评价时间] 2025-05-30 14:52:58
搜索词: RFID的数据编码方法

Top10 搜索结果：
1. 相关度: 21.78

   标题: 一种用于【RFID】的【数据编码】【方法】

   作者: 郑凤

   摘要: 在无源【RFID】系统中，为使标签从来自阅读器的信号中获得更多的能量，提出一种新的【数据编码】【方法】，即改进的Manchester编码。它的主要改进之处在于在一个码元周期内增加了高电平的持续时间；它同时保留了易于同步和提取时钟的优点。但该编码在提高信号能量的同时，展宽了频谱。

   关键词: 【RFID】 【编码】 能量

   URL: https://journal.bupt.edu.cn/CN/10.13190/jbupt.2007s1.141.zhengf

   日期: 2007-06-30


2. 相关度: 10.00

   标题: 用于混合业务的基于信号预测的切换算法

   作者: 张传福 吴伟陵

   摘要: 切换在提供各种多媒体业务的移动通信系统中是一个关键的问题。在本文中,提出并分析和比较了3种用于CDMA无线分组话音／数据网络中的软切换方式。

   关键词: 软切换 队列 优先级 话音 【数据】

   URL: https://journal.bupt.edu.cn/CN/Y2002/V25/I4/51

   日期: 2002-11-10


3. 相关度: 6.63

   标题: 一类MDS阵列码的改进纠错译码算法

   作者: 李新 张振涛 杨义先

   摘要: 对文献[1]中的B码纠错译码算法进行了改进。改进的算法能在一定条件下直接定位到发生误码的位置,然后只需将该位置的比特值取反,就实现了纠错译码。与原算法中先对校验子进行B对偶码的编码,再进行码字重建等复杂运算相比,改进的算法效率大大提高。

   关键词: 阵列码 【码】 纠错译码

   URL: https://journal.bupt.edu.cn/CN/Y2002/V25/I2/52

   日期: 2002-03-10


4. 相关度: 6.34

   标题: 基于信号稳定度提高【RFID】识别率的【方法】

   作者: 胡桂兵 邱雪松 孟洛明

   摘要: 为了提高标签识别率，提出了一种基于标签信号稳定度的提高射频标签(【RFID】)识别率的【方法】．该【方法】通过比较【RFID】信号强度的稳定度来剔除干扰标签，甄别出真正需要读取的标签，从而达到提高标签识别率的目的．实验结果表明，该【方法】可以有效地提高【RFID】识别率．关键词

   关键词: 物联网 射频标签 识别率 被动式标签

   URL: https://journal.bupt.edu.cn/CN/10.13190/jbupt.201201.55.hugb

   日期: 2012-02-28


5. 相关度: 6.31

   标题: 新型P2P流媒体系统模型

   作者: 张代远 江丽敏

   摘要: 为了改善数据传输性能，提出了一种新型P2P流媒体系统模型(NSMP2PS)，描述了NSMP2PS的体系结构和设计原理. 通过引入网络编码的机制，提高了系统的数据存储转发能力. 采用效率较好的节点加入算法和节点失效管理策略，有效地解决了组播树负载不平衡的问题；此外，该模型的节点自优化过程能保证组播树结构的优化和播放的连续性. 引入了激励机制，激励更多的自私节点转发和共享资源、数据，使得数据质量和直播系统的总体性能也有所改善.

   关键词: P2P 流媒体直播 【编码】 应用层组播 激励机制

   URL: https://journal.bupt.edu.cn/CN/10.13190/jbupt.200904.68.zhangdy

   日期: 2009-08-28


6. 相关度: 4.72

   标题: 面向语义通信的3D骨骼点【数据编码】与压缩【方法】

   作者: 张浩 冯春燕 杨佳汇 郭彩丽 周博文

   摘要: 随着万物智联成为时代所趋，传统视频编码与压缩【方法】难以有效去除视频数据中的大量冗余信息，势必会降低传输效率。针对这一挑战，提出了一种面向语义通信的3D骨骼点数据信源编码与压缩【方法】（DMDCT）。针对骨骼点数据中的冗余问题，从语义概念出发，提出多尺度骨骼点表示【方法】，自适应地描述参与每个不同动作语义的骨骼点运动的状态的同时保留人体骨骼架构；引入离散余弦变换（DCT）从频域层面分离多尺度骨骼点表示的直流分量与交流分量，进一步减少了整体数据量。区别于传统通信传输原始视频数据的方式，结合语义通信只传输与高层任务相关的骨骼点数据，提高了数据传输效率。在公开数据集NTU RGB+D上以动作识别为例的实验表明，DMDCT在同等压缩率下，TOP-1准确率比同类算法提高了约5%，且仅保留10%DCT系数仍可达到74.2%的准确率，而数据量仅为原始数据量的6%。

   关键词: 3D人体骨骼点数据 视频数据压缩 语义通信 动作识别 6G

   URL: https://journal.bupt.edu.cn/CN/Y2022/V45/I6/62

   日期: 2022-12-28


7. 相关度: 3.86

   标题: 常数时间的轻量级【RFID】双向认证协议

   作者: 周景贤 周亚建 顾兆军

   摘要: 针对大规模无线射频识别（【RFID】）系统，提出一个安全双向认证协议.利用伪随机数生成器计算资源要求低的特性，使协议适用于存储空间小和计算能力不足的低成本标签环境中，采用平面直线斜率计算方法实现认证双方共享一对密钥，将认证的时间复杂度降低到O（1），引入时间戳来抵抗重放攻击，认证结束后进行身份更新防范标签位置追踪.形式化证明显示，该协议实现了标签与读写器的双向认证.仿真结果表明，与现有同类型主流协议相比，该协议认证效率提高了9%.

   关键词: 射频识别 双向认证协议 常数时间 轻量级

   URL: https://journal.bupt.edu.cn/CN/10.13190/j.jbupt.2016.03.010

   日期: 2016-06-28


8. 相关度: 3.86

   标题: 基于扁平N叉树搜索的【RFID】防冲突算法

   作者: 赵斌 何泾沙 黄娜 屈会芳 刘公政

   摘要: 防冲突技术是无线射频识别(【RFID】)系统中的关键技术. 针对二进制搜索防冲突算法读取海量数据标签效率低的问题,通过分析标签数量为海量数据的特征以及标签编码的规律性,基于管理系统中海量数据标签的编码规律和现有二进制搜索算法思想,提出了适合于读取海量数据【RFID】标签的扁平N叉树搜索防冲突算法. 测试结果表明,该算法在标签总数大于一定数值时,其读取标签效率优于二进制搜索算法.

   关键词: 无线射频识别系统 防冲突 海量数据 扁平 叉树

   URL: https://journal.bupt.edu.cn/CN/10.13190/j.jbupt.2014.05.011

   日期: 2014-10-28


9. 相关度: 3.86

   标题: 基于【RFID】应用的小型化印刷偶极子天线设计

   作者: 李秀萍 刘禹 曹海鹰

   摘要: 为了研究满足工程需要的【RFID】标签天线，以2.45 GHz工作频段为例，给出了印刷偶极子标签天线以及其小型化设计。所设计的2.45GHz印刷偶极子标签天线的性能指标为：在驻波比小于1.5时，工作带宽约为450MHz；天线增益为1.4dB；天线尺寸大小为37mm×45.8mm。小型化后的天线尺寸缩小为31.8mm×28.5mm，面积减小了约47%，在驻波比小于1.5时，天线带宽约220MHz，天线增益为1.2dB。此外，给出了小型化天线的实测结果，并且与理论结果进行了比较，结果吻合良好。

   关键词: RFID标签天线 印刷偶极子天线 小型化

   URL: https://journal.bupt.edu.cn/CN/10.13190/jbupt.200605.75.169

   日期: 2006-10-30


10. 相关度: 3.86

   标题: 【RFID】标签的不可追踪性

   作者: 邓淼磊杨华余涛周利华

   摘要: 为了形式化分析无线射频识别(【RFID】)协议中标签的不可追踪性，对串空间模型进行了扩展，引入了分析标签不可追踪性的能力，并给出了不可追踪性的判定定理. 基于扩展的串空间模型，对Feldhofer协议和O′FRAP协议进行了分析. 结果表明，Feldhofer协议能实现不可追踪性，O′FRAP协议对于主动攻击者不能实现不可追踪性.

   关键词: 无线射频识别 标签 不可追踪性 串空间 协议

   URL: https://journal.bupt.edu.cn/CN/10.13190/jbupt.201002.44.269

   日期: 2010-04-28


用户评价：
有关RFID的内容放到了后面，第2346都和RFID无关
--------------------------------------------------
[评价时间] 2025-06-04 09:11:24
搜索词: 重叠复用原理下加性白高斯噪声信道的容量

Top10 搜索结果：
1. 相关度: 50.99

   标题: 【重叠】【复用】【原理】【下加性】【白】【高斯】【噪声】【信道】的【容量】

   作者: 李道本

   摘要: 为建立超大【容量】通信系统提供全新的理论依据，证明了在【高斯】【白】【噪声】干扰环境下，当【信道】传输函数H（f）的单边带宽限定为B时，仙侬仅利用时间域间隔为1/2B的独立样点荷载信息是不够的，还应该根据【重叠】【复用】【原理】，同时使用频率域间隔为B/K独立样点的【重叠】频域复用技术，使系统【容量】与K成正比.由于带宽为B【信道】冲击响应的持续时间T趋近于无穷，频率域独立样点间隔1/T为0，K不受限制；同理，当【信道】冲激响应函数h（t）的持续时间限定为T时，像正交频分【复用】那样仅利用频率域间隔为1/T的独立样点去荷载信息是不够的，还应该根据【重叠】【复用】【原理】，用时间域间隔为T/K独立样点的【重叠】时域复用技术，使系统【容量】与K成正比.由于冲击响应持续时间为T【信道】的带宽B趋近于无穷，时间域独立样点间隔1/2B为0，所以K不受限制.此外，还证明了【重叠】【复用】的实质是建立超大【容量】的独立并联【高斯】【信道】.

   关键词: 【重叠复用原理】 独立并联高斯信道 重叠时域复用技术 重叠频域复用技术 【重叠】 域复用技术 信道容量

   URL: https://journal.bupt.edu.cn/CN/10.13190/j.jbupt.2016.06.001

   日期: 2016-12-28


2. 相关度: 17.53

   标题: 【高斯】【噪声】与窄带干扰同时抑制技术

   作者: 张晓林 郭黎利 顾学迈

   摘要: 为了抑制接收信号中的【高斯】【噪声】和窄带干扰，在进一步分析边带相关置换（SCR）算法的基础上，提出了一种新的【高斯】【噪声】和窄带干扰抑制算法——循环边带相关置换（CSCR）算法. CSCR算法将SCR思想引入循环谱相关理论中，利用循环谱相关可有效抑制【高斯】【噪声】的技术优势，在接收信号的谱相关密度函数中用相对于窄带干扰的边带对称值代替干扰值来重构期望信号，从而实现了【高斯】【噪声】和窄带干扰的同时抑制. 该算法对谱相关密度谱对称的调制方式均适用. 通过对2PSK信号的计算机仿真表明，循环边带相关置换算法可以有效抑制【高斯】【噪声】和窄带干扰.

   关键词: 窄带干扰 【高斯噪声】 循环边带相关置换 二进制移相键控

   URL: https://journal.bupt.edu.cn/CN/10.13190/jbupt.200904.86.zhangxl

   日期: 2009-08-28


3. 相关度: 16.17

   标题: AWGN【信道】仿真数据量研究

   作者: 梁栋 林家儒

   摘要: 研究了蒙特卡罗仿真【原理】和仿真结果置信度；结合AWGN（加性【白】【高斯】【噪声】）【信道】特点，甄选出3个合适的参量，即误码个数、置信概率和仿真结果最大相对误差；提出了AWGN【信道】下仿真数据量选取的一般性结论，即误码个数正比于置信区间上分位点的平方、反比于最大相对误差的平方. 仿真结果验证了所提结论在AWGN【信道】各种信噪比下均有效；同时对于无线通信或移动通信的时变多径衰落【信道】，如采用OFDM（正交频分【复用】）、分集、均衡、交织等技术，能将【信道】改造为AWGN【信道】，该结论依然有效.

   关键词: 【加性白高斯噪声】 蒙特卡罗仿真 仿真数据量 置信概率

   URL: https://journal.bupt.edu.cn/CN/10.13190/jbupt.200602.110.liangd

   日期: 2006-04-28


4. 相关度: 14.69

   标题: 【高斯】【白】【噪声】【信道】下SC-LDPC码的结构设计

   作者: 张亚坤 张娅妹 周林 贺玉成

   摘要: 为了优化空间耦合低密度奇偶校验（SC-LDPC）码在加性【高斯】【白】【噪声】【信道】下的性能，改变了其边缘扩展规则，将规则SC-LDPC码原模图上变量节点的边连接到与其相对应的前一个位置的校验节点上，提出了一种新型的空间耦合结构.对其基矩阵、码率、度分布及译码复杂度进行分析，结果表明，与传统的SC-LDPC码相比，链长相同时，新结构的码率有所提高，校验节点的度分布变大.最后通过BP译码验证了提出的空间耦合新结构译码性能的优越性.

   关键词: 原模图 空间耦合低密度奇偶检验码 加性高斯白噪声信道

   URL: https://journal.bupt.edu.cn/CN/10.13190/j.jbupt.2019-087

   日期: 2020-02-28


5. 相关度: 14.27

   标题: 基于熵检测的图像【噪声】方差小波域估计

   作者: 李天翼 王明辉 常化文 陈淑清

   摘要: 提出一种在小波域中基于熵值检测的图像【噪声】方差估计算法. 利用小波变换能显著降低图像信号的熵而并不改变【高斯】【噪声】熵的特性以及【噪声】熵值与【噪声】方差之间呈对数关系变化的规律，定量地分析了含噪图像在小波高频对角子带中系数的熵值随【噪声】幅值的变化规律，揭示出这种变化关系对图像具有较强的鲁棒性，从而利用这种变化关系，通过对含噪图像小波域熵值的检测对【高斯】【噪声】进行估计. 仿真结果表明，提出的算法能够有效估计出图像中【噪声】的方差，并且受图像细节影响较小，其性能优于现有其他算法.

   关键词: 小波变换 熵 【高斯噪声】 方差估计

   URL: https://journal.bupt.edu.cn/CN/10.13190/jbupt.201105.1.lity

   日期: 2011-10-28


6. 相关度: 13.00

   标题: 多径瑞利衰落【信道】下单码与多码系统【容量】的比较

   作者: 周建民 庞沁华

   摘要: 在高速及可变速率多媒体业务情况下对单码及多码两种方案在宽带CDMA移动通信系统中的【容量】进行比较.通过理论分析、数值计算及系统仿真,得到了两者在相同的业务量以及相同的输入、输出速率、发射功率条件下,在多径瑞利衰落【信道】下的误码性能及系统【容量】相同的结论.

   关键词: 码分多址 单码 多码 【容量】 瑞利衰落

   URL: https://journal.bupt.edu.cn/CN/Y2000/V23/I4/69

   日期: 2000-12-10


7. 相关度: 13.00

   标题: 相关【信道】下基于VBLAST的多码CDMA【容量】研究

   作者: 程型清 刘海涛 徐绍君 李道本

   摘要: 垂直分层空时结构(VBLAST)与多码码分多址（CDMA）结合可显著提高通信系统的传输速率，而基于零相关窗互补码(LS码)的码分多址系统具有良好特性. 将三者结合研究了相关频率选择性【信道】下基于VBLAST多码CDMA的系统【容量】，并推导出【容量】计算公式. 仿真结果表明，基于零相关窗码的VBLAST的多码CDMA系统【容量】远高于基于正交码的VBLAST的多码CDMA系统【容量】.

   关键词: 相关信道 垂直分层空时结构 多码码分多址 【容量】

   URL: https://journal.bupt.edu.cn/CN/10.13190/jbupt.200503.82.018

   日期: 2005-06-28


8. 相关度: 12.37

   标题: 频率选择性MIMO【信道】几何模型及【容量】分析

   作者: 李永华 张瀚峰 龚萍 吴伟陵

   摘要: 为了对收发相关频率选择性多入多出（MIMO）衰落信道容量进行研究，提出了基于区域近似多簇几何双反射【信道】模型，推导出多簇收发相关【信道】的相关系数和收发相关MIMO信道容量的表达式，分析了参数对信道容量的影响. 结果表明，收发相关的条件下，MIMO-OFDM系统的信道容量随总角度扩展而增加；信道容量是发射相关矩阵及多个接收时延扩展相关矩阵之和的函数，信道容量随着时延扩展的增加而增加.

   关键词: 多入多出 空时相关 衰落信道 【容量】

   URL: https://journal.bupt.edu.cn/CN/10.13190/jbupt.200705.86.liyh

   日期: 2007-10-30


9. 相关度: 11.74

   标题: 一种抗加性【高斯】【白】【噪声】的盲图像源分离方法

   作者: 余先川 徐金东

   摘要: 针对基于聚类稀疏成分分析的盲图像源分离方法【噪声】敏感的问题，提出了一种抗加性【高斯】【白】【噪声】的盲图像源分离算法. 通过分析混合图像与【噪声】图像间的相关性，估计混合图像中的【噪声】并去除，对去噪后的混合图像进行稀疏成分分析，即分离出源图像. 实验结果表明，该算法能直接、有效地去除同分布的加性【噪声】，使叠加【噪声】的混合图像得到精确的分离. 

   关键词: 稀疏成分分析 盲源分离 加性高斯白噪声

   URL: https://journal.bupt.edu.cn/CN/10.13190/jbupt.201204.120.yuxch

   日期: 2012-08-28


10. 相关度: 10.54

   标题: 多天线协作传输系统的【容量】分析与功率分配

   作者: 张静美 王莹 张平

   摘要: 针对非再生及再生2种中继方式，分析了基于多天线技术的2跳协作传输系统的信道容量，并以最大化端到端的信息速率为优化准则，提出了将系统功率根据【信道】条件分配至各跳链路的方案. 仿真结果不但证明了协作传输的优越性，而且与平均功率分配相比，自适应功率分配能随【信道】变化协调各跳发射功率，合理选择中继传输，明显提高系统【容量】.

   关键词: 协作传输 多天线 【容量】 功率分配

   URL: https://journal.bupt.edu.cn/CN/10.13190/jbupt.200505.11.zhangjm

   日期: 2005-10-28


用户评价：
10 不相关
--------------------------------------------------
